VPR FPGA Placement and Routing.
Version: 8.1.0-dev+dadca7ecf-dirty
Revision: v8.0.0-rc2-2909-gdadca7ecf-dirty
Compiled: 2025-06-11T11:04:40
Compiler: GNU 12.2.0 on Linux-6.2.1-PRoot-Distro aarch64
Build Info: release IPO VTR_ASSERT_LEVEL=2

University of Toronto
verilogtorouting.org
vtr-users@googlegroups.com
This is free open source code under MIT license.

VPR was run with the following command-line:
vpr /root/symbiflow/quicklogic-arch-defs/share/arch/ql-eos-s3_wlcsp/arch.timing.xml ugvctrl.eblif --device ql-eos-s3 --max_router_iterations 500 --routing_failure_predictor off --router_high_fanout_threshold -1 --constant_net_method route --route_chan_width 100 --clock_modeling route --place_delay_model delta_override --router_lookahead map --check_route quick --strict_checks off --allow_dangling_combinational_nodes on --disable_errors check_unbuffered_edges:check_route --congested_routing_iteration_threshold 0.8 --incremental_reroute_delay_ripup off --base_cost_type delay_normalized_length_bounded --bb_factor 10 --initial_pres_fac 4.0 --check_rr_graph off --suppress_warnings ,sum_pin_class:check_unbuffered_edges:load_rr_indexed_data_T_values:check_rr_node:trans_per_R:check_route:set_rr_graph_tool_comment:warn_model_missing_timing --read_rr_graph /root/symbiflow/quicklogic-arch-defs/share/arch/ql-eos-s3_wlcsp/rr_graph_ql-eos-s3_wlcsp.rr_graph.real.bin --read_placement_delay_lookup /root/symbiflow/quicklogic-arch-defs/share/arch/ql-eos-s3_wlcsp/rr_graph_ql-eos-s3_wlcsp.place_delay.bin --sdc_file /sdcard/vaman/fpga/setup/codes/blink/build/ugvctrl_dummy.sdc --fix_clusters ugvctrl_constraints.place --place


Architecture file: /root/symbiflow/quicklogic-arch-defs/share/arch/ql-eos-s3_wlcsp/arch.timing.xml
Circuit name: ugvctrl

# Loading Architecture Description
# Loading Architecture Description took 0.44 seconds (max_rss 24.9 MiB, delta_rss +22.4 MiB)
# Building complex block graph
# Building complex block graph took 0.14 seconds (max_rss 31.6 MiB, delta_rss +6.7 MiB)
# Load circuit
# Load circuit took 0.01 seconds (max_rss 31.9 MiB, delta_rss +0.3 MiB)
# Clean circuit
Absorbed 86 LUT buffers
Inferred    3 additional primitive pins as constant generators since they have no combinationally connected inputs
Inferred    2 additional primitive pins as constant generators due to constant inputs
Inferred    0 additional primitive pins as constant generators since they have no combinationally connected inputs
Inferred    0 additional primitive pins as constant generators due to constant inputs
Inferred    0 additional primitive pins as constant generators since they have no combinationally connected inputs
Inferred    0 additional primitive pins as constant generators due to constant inputs
Swept input(s)      : 0
Swept output(s)     : 0 (0 dangling, 0 constant)
Swept net(s)        : 1
Swept block(s)      : 1
Constant Pins Marked: 5
# Clean circuit took 0.00 seconds (max_rss 31.9 MiB, delta_rss +0.0 MiB)
# Compress circuit
# Compress circuit took 0.00 seconds (max_rss 31.9 MiB, delta_rss +0.0 MiB)
# Verify circuit
# Verify circuit took 0.00 seconds (max_rss 31.9 MiB, delta_rss +0.0 MiB)
Circuit Statistics:
  Blocks: 29
    .input    :       4
    .output   :       7
    BIDIR_CELL:      11
    C_FRAG    :       5
    GND       :       1
    VCC       :       1
  Nets  : 22
    Avg Fanout:     4.8
    Max Fanout:    41.0
    Min Fanout:     1.0
  Netlist Clocks: 0
# Build Timing Graph
  Timing Graph Nodes: 127
  Timing Graph Edges: 192
  Timing Graph Levels: 8
# Build Timing Graph took 0.00 seconds (max_rss 31.9 MiB, delta_rss +0.0 MiB)
Netlist contains 0 clocks
# Load Timing Constraints

SDC file '/sdcard/vaman/fpga/setup/codes/blink/build/ugvctrl_dummy.sdc' contained no SDC commands
Setting default timing constraints:
   * constrain all primay inputs and primary outputs on a virtual external clock 'virtual_io_clock'
   * optimize virtual clock to run as fast as possible
Timing constraints created 1 clocks
  Constrained Clock 'virtual_io_clock' (Virtual Clock)

# Load Timing Constraints took 0.00 seconds (max_rss 32.1 MiB, delta_rss +0.3 MiB)
Timing analysis: ON
Circuit netlist file: ugvctrl.net
Circuit placement file: ugvctrl.place
Circuit routing file: ugvctrl.route
Circuit SDC file: /sdcard/vaman/fpga/setup/codes/blink/build/ugvctrl_dummy.sdc

Packer: ENABLED
Placer: ENABLED
Router: DISABLED
Analysis: DISABLED

NetlistOpts.abosrb_buffer_luts            : true
NetlistOpts.sweep_dangling_primary_ios    : true
NetlistOpts.sweep_dangling_nets           : true
NetlistOpts.sweep_dangling_blocks         : true
NetlistOpts.sweep_constant_primary_outputs: false
NetlistOpts.netlist_verbosity             : 1
NetlistOpts.const_gen_inference           : COMB_SEQ

PackerOpts.allow_unrelated_clustering: auto
PackerOpts.alpha_clustering: 0.750000
PackerOpts.beta_clustering: 0.900000
PackerOpts.cluster_seed_type: BLEND2
PackerOpts.connection_driven: true
PackerOpts.global_clocks: true
PackerOpts.hill_climbing_flag: false
PackerOpts.inter_cluster_net_delay: 1.000000
PackerOpts.timing_driven: true
PackerOpts.target_external_pin_util: auto

PlacerOpts.place_freq: PLACE_ONCE
PlacerOpts.place_algorithm: CRITICALITY_TIMING_PLACE
PlacerOpts.pad_loc_type: FREE
PlacerOpts.constraints_file: Using constraints file 'ugvctrl_constraints.place'
PlacerOpts.place_cost_exp: 1.000000
PlacerOpts.place_chan_width: 100
PlacerOpts.inner_loop_recompute_divider: 0
PlacerOpts.recompute_crit_iter: 1
PlacerOpts.timing_tradeoff: 0.500000
PlacerOpts.td_place_exp_first: 1.000000
PlacerOpts.td_place_exp_last: 8.000000
PlacerOpts.delay_offset: 0.000000
PlacerOpts.delay_ramp_delta_threshold: -1
PlacerOpts.delay_ramp_slope: 0.000000
PlacerOpts.tsu_rel_margin: 1.000000
PlacerOpts.tsu_abs_margin: 0.000000
PlacerOpts.post_place_timing_report_file: 
PlacerOpts.allowed_tiles_for_delay_model: 
PlacerOpts.delay_model_reducer: MIN
PlacerOpts.delay_model_type: DELTA_OVERRIDE
PlacerOpts.rlim_escape_fraction: 0.000000
PlacerOpts.move_stats_file: 
PlacerOpts.placement_saves_per_temperature: 0
PlacerOpts.effort_scaling: CIRCUIT
PlacerOpts.place_delta_delay_matrix_calculation_method: ASTAR_ROUTE
PlaceOpts.seed: 1
AnnealSched.type: AUTO_SCHED
AnnealSched.inner_num: 1.000000

RoutingArch.directionality: BI_DIRECTIONAL
RoutingArch.switch_block_type: WILTON
RoutingArch.Fs: 3

# Load Packing
Begin loading packed FPGA netlist file.
Netlist generated from file 'ugvctrl.net'.
Detected 2 constant generators (to see names run with higher pack verbosity)
Finished loading packed FPGA netlist file (took 0.011361 seconds).
# Load Packing took 0.02 seconds (max_rss 32.3 MiB, delta_rss +0.2 MiB)
Warning 1: Netlist contains 0 global net to non-global architecture pin connections
Warning 2: Logic block #16 ($false) has only 1 output pin '$false.GND0_GND[0]'. It may be a constant generator.
Warning 3: Logic block #17 ($true) has only 1 output pin '$true.VCC0_VCC[0]'. It may be a constant generator.

Netlist num_nets: 11
Netlist num_blocks: 18
Netlist EMPTY blocks: 0.
Netlist PB-GMUX blocks: 0.
Netlist PB-LOGIC blocks: 5.
Netlist PB-CLOCK blocks: 0.
Netlist PB-MULT blocks: 0.
Netlist PB-SDIOMUX blocks: 0.
Netlist PB-RAM blocks: 0.
Netlist PB-SYN_VCC blocks: 1.
Netlist PB-BIDIR blocks: 11.
Netlist PB-SYN_GND blocks: 1.
Netlist PB-ASSP blocks: 0.
Netlist inputs pins: 4
Netlist output pins: 29


Pb types usage...
  PB-LOGIC          : 5
   LOGIC            : 5
    FRAGS           : 5
     c_frag_modes   : 5
      SINGLE        : 5
       c_frag       : 5
  PB-SYN_VCC        : 1
   VCC              : 1
  PB-BIDIR          : 11
   BIDIR            : 11
    INPUT           : 4
     bidir          : 4
     inpad          : 4
    OUTPUT          : 7
     bidir          : 7
     outpad         : 7
  PB-SYN_GND        : 1
   GND              : 1

# Create Device
## Build Device Grid
FPGA sized to 39 x 35: 1365 grid tiles (ql-eos-s3)

Resource usage...
	Netlist
		0	blocks of type: PB-GMUX
	Architecture
		5	blocks of type: TL-GMUX
	Netlist
		5	blocks of type: PB-LOGIC
	Architecture
		891	blocks of type: TL-LOGIC
	Netlist
		0	blocks of type: PB-CLOCK
	Architecture
		5	blocks of type: TL-CLOCK
	Netlist
		0	blocks of type: PB-MULT
	Architecture
		2	blocks of type: TL-MULT
	Netlist
		0	blocks of type: PB-SDIOMUX
	Architecture
		14	blocks of type: TL-SDIOMUX
	Netlist
		0	blocks of type: PB-RAM
	Architecture
		4	blocks of type: TL-RAM
	Netlist
		1	blocks of type: PB-SYN_VCC
	Architecture
		1	blocks of type: TL-SYN_VCC
	Netlist
		11	blocks of type: PB-BIDIR
	Architecture
		32	blocks of type: TL-BIDIR
	Netlist
		1	blocks of type: PB-SYN_GND
	Architecture
		1	blocks of type: TL-SYN_GND
	Netlist
		0	blocks of type: PB-ASSP
	Architecture
		1	blocks of type: TL-ASSP

Device Utilization: 0.01 (target 1.00)
	Physical Tile TL-LOGIC:
	Block Utilization: 0.01 Logical Block: PB-LOGIC
	Physical Tile TL-RAM:
	Block Utilization: 0.00 Logical Block: PB-RAM
	Physical Tile TL-MULT:
	Block Utilization: 0.00 Logical Block: PB-MULT
	Physical Tile TL-BIDIR:
	Block Utilization: 0.34 Logical Block: PB-BIDIR
	Physical Tile TL-CLOCK:
	Block Utilization: 0.00 Logical Block: PB-CLOCK
	Physical Tile TL-SDIOMUX:
	Block Utilization: 0.00 Logical Block: PB-SDIOMUX
	Physical Tile TL-GMUX:
	Block Utilization: 0.00 Logical Block: PB-GMUX
	Physical Tile TL-ASSP:
	Block Utilization: 0.00 Logical Block: PB-ASSP
	Physical Tile TL-SYN_VCC:
	Block Utilization: 1.00 Logical Block: PB-SYN_VCC
	Physical Tile TL-SYN_GND:
	Block Utilization: 1.00 Logical Block: PB-SYN_GND

## Build Device Grid took 0.01 seconds (max_rss 32.4 MiB, delta_rss +0.0 MiB)
## Loading routing resource graph



Warning 4: This architecture version is for VPR 8.1.0-dev+dadca7ecf-dirty while your current VPR version is 8.1.0-dev+dadca7ecf compatability issues may arise

## Loading routing resource graph took 0.66 seconds (max_rss 340.4 MiB, delta_rss +308.0 MiB)
  RR Graph Nodes: 1396446
  RR Graph Edges: 2337988
# Create Device took 2.08 seconds (max_rss 388.0 MiB, delta_rss +355.7 MiB)

# Computing router lookahead map
## Computing wire lookahead
Warning 5: Unable to find any sample location for segment CHANX type 'generic' (length 1)
Warning 6: Unable to find any sample location for segment CHANY type 'generic' (length 1)
Warning 7: Unable to find any sample location for segment CHANX type 'pad' (length 1)
Warning 8: Unable to find any sample location for segment CHANY type 'pad' (length 1)
## Computing wire lookahead took 43.24 seconds (max_rss 388.0 MiB, delta_rss +0.0 MiB)
## Computing src/opin lookahead
## Computing src/opin lookahead took 0.00 seconds (max_rss 388.0 MiB, delta_rss +0.0 MiB)
# Computing router lookahead map took 43.24 seconds (max_rss 388.0 MiB, delta_rss +0.0 MiB)
# Placement
## Computing placement delta delay look-up
  RR Graph Nodes: 1396446
  RR Graph Edges: 2337988
## Computing placement delta delay look-up took 1.29 seconds (max_rss 446.1 MiB, delta_rss +58.0 MiB)
Warning 9: CHANX place cost fac is 0 at 2 2
Warning 10: CHANX place cost fac is 0 at 34 34
Warning 11: CHANY place cost fac is 0 at 38 38
## Initial Placement
Reading ugvctrl_constraints.place.

Successfully read ugvctrl_constraints.place.

## Initial Placement took 0.00 seconds (max_rss 446.1 MiB, delta_rss +0.0 MiB)

There are 94 point to point connections in this circuit.


BB estimate of min-dist (placement) wire length: 705

Completed placement consistency check successfully.
Initial placement cost: 1 bb_cost: 1.0451 td_cost: 3.1418e-07
Initial placement estimated Critical Path Delay (CPD): 43.1156 ns
Initial placement estimated setup Total Negative Slack (sTNS): -201.056 ns
Initial placement estimated setup Worst Negative Slack (sWNS): -43.1156 ns

Initial placement estimated setup slack histogram:
[ -4.3e-08: -4.2e-08) 2 ( 40.0%) |*************************************************
[ -4.2e-08: -4.2e-08) 0 (  0.0%) |
[ -4.2e-08: -4.1e-08) 0 (  0.0%) |
[ -4.1e-08:   -4e-08) 1 ( 20.0%) |*************************
[   -4e-08: -3.9e-08) 0 (  0.0%) |
[ -3.9e-08: -3.9e-08) 1 ( 20.0%) |*************************
[ -3.9e-08: -3.8e-08) 0 (  0.0%) |
[ -3.8e-08: -3.7e-08) 0 (  0.0%) |
[ -3.7e-08: -3.6e-08) 0 (  0.0%) |
[ -3.6e-08: -3.6e-08) 1 ( 20.0%) |*************************
Placement contains 0 placement macros involving 0 blocks (average macro size nan)

Moves per temperature: 47
Warning 12: Starting t: 13 of 18 configurations accepted.

---- ------ ------- ------- ---------- ---------- ------- ---------- -------- ------- ------- ------ -------- --------- ------
Tnum   Time       T Av Cost Av BB Cost Av TD Cost     CPD       sTNS     sWNS Ac Rate Std Dev  R lim Crit Exp Tot Moves  Alpha
      (sec)                                          (ns)       (ns)     (ns)                                                 
---- ------ ------- ------- ---------- ---------- ------- ---------- -------- ------- ------- ------ -------- --------- ------
   1    0.0 1.2e+00   0.993       1.04 3.158e-07   46.647       -208  -46.647   0.787  0.0496   38.0     1.00        47  0.200
   2    0.0 1.2e+00   0.960       1.04 2.9505e-07  48.174       -214  -48.174   0.617  0.0435   38.0     1.00        94  0.950
   3    0.0 1.1e+00   1.045       1.00 3.1926e-07  44.755       -206  -44.755   0.596  0.0590   38.0     1.00       141  0.950
   4    0.0 1.1e+00   1.003       1.05 3.2172e-07  44.018       -207  -44.018   0.617  0.0558   38.0     1.00       188  0.950
   5    0.0 1.0e+00   0.977       1.03 3.0397e-07  48.592       -211  -48.592   0.745  0.0533   38.0     1.00       235  0.950
   6    0.0 9.6e-01   1.057       0.99 3.1362e-07  41.332       -196  -41.332   0.787  0.0684   38.0     1.00       282  0.950
   7    0.0 9.2e-01   1.141       1.02 3.4519e-07  41.998       -200  -41.998   0.660  0.0668   38.0     1.00       329  0.950
   8    0.0 8.7e-01   0.894       0.97 2.9111e-07  49.495       -212  -49.495   0.702  0.0590   38.0     1.00       376  0.950
   9    0.0 8.3e-01   1.044       1.03 3.3001e-07  42.508       -200  -42.508   0.702  0.0657   38.0     1.00       423  0.950
  10    0.0 7.9e-01   0.930       1.03 3.5439e-07  47.171       -212  -47.171   0.660  0.0542   38.0     1.00       470  0.950
  11    0.0 7.5e-01   1.012       1.01 3.2499e-07  41.488       -198  -41.488   0.766  0.0615   38.0     1.00       517  0.950
  12    0.0 7.1e-01   0.960       1.00 2.7711e-07  44.917       -202  -44.917   0.702  0.0729   38.0     1.00       564  0.950
  13    0.0 6.7e-01   0.970       1.00 2.9211e-07  51.012       -218  -51.012   0.723  0.0571   38.0     1.00       611  0.950
  14    0.0 6.4e-01   1.101       0.99 3.4121e-07  40.896       -198  -40.896   0.660  0.0520   38.0     1.00       658  0.950
  15    0.0 6.1e-01   1.088       1.03 3.652e-07   42.601       -203  -42.601   0.723  0.0509   38.0     1.00       705  0.950
  16    0.0 5.8e-01   0.955       1.07 3.6862e-07  45.574       -216  -45.574   0.702  0.0389   38.0     1.00       752  0.950
  17    0.0 5.5e-01   0.894       0.99 3.0417e-07  47.613       -211  -47.613   0.723  0.0575   38.0     1.00       799  0.950
  18    0.0 5.2e-01   0.925       1.01 3.1438e-07  47.294       -219  -47.294   0.532  0.0405   38.0     1.00       846  0.950
  19    0.0 4.9e-01   1.070       1.03 3.1791e-07  41.898       -194  -41.898   0.596  0.0445   38.0     1.00       893  0.950
  20    0.0 4.7e-01   1.084       1.05 3.0183e-07  45.120       -203  -45.120   0.787  0.0779   38.0     1.00       940  0.950
  21    0.0 4.5e-01   0.896       1.02 3.4523e-07  46.859       -221  -46.859   0.702  0.0484   38.0     1.00       987  0.950
  22    0.0 4.2e-01   0.977       0.99 3.3194e-07  41.941       -203  -41.941   0.723  0.0608   38.0     1.00      1034  0.950
  23    0.0 4.0e-01   1.031       1.01 3.0763e-07  46.825       -203  -46.825   0.681  0.0473   38.0     1.00      1081  0.950
  24    0.0 3.8e-01   1.079       1.07 3.6579e-07  45.815       -212  -45.815   0.638  0.0321   38.0     1.00      1128  0.950
  25    0.0 3.6e-01   0.882       1.00 3.3309e-07  47.167       -218  -47.167   0.723  0.0771   38.0     1.00      1175  0.950
  26    0.0 3.5e-01   0.903       1.01 2.6373e-07  50.129       -213  -50.129   0.681  0.0536   38.0     1.00      1222  0.950
  27    0.0 3.3e-01   0.990       1.02 3.1653e-07  47.253       -216  -47.253   0.574  0.0741   38.0     1.00      1269  0.950
  28    0.0 3.1e-01   1.000       0.95 2.9912e-07  43.159       -197  -43.159   0.660  0.0517   38.0     1.00      1316  0.950
  29    0.0 3.0e-01   1.034       1.01 2.938e-07   45.649       -206  -45.649   0.553  0.0671   38.0     1.00      1363  0.950
  30    0.0 2.8e-01   1.080       0.99 3.0706e-07  42.686       -199  -42.686   0.553  0.0723   38.0     1.00      1410  0.950
  31    0.0 2.7e-01   0.999       1.01 3.2509e-07  47.672       -211  -47.672   0.723  0.0574   38.0     1.00      1457  0.950
  32    0.0 2.5e-01   0.944       1.01 3.1035e-07  44.081       -204  -44.081   0.596  0.0890   38.0     1.00      1504  0.950
  33    0.0 2.4e-01   1.149       1.05 2.9847e-07  45.320       -202  -45.320   0.574  0.0672   38.0     1.00      1551  0.950
  34    0.0 2.3e-01   1.026       1.02 3.1535e-07  45.575       -207  -45.575   0.553  0.0703   38.0     1.00      1598  0.950
  35    0.0 2.2e-01   1.139       1.04 3.4766e-07  41.315       -201  -41.315   0.638  0.0438   38.0     1.00      1645  0.950
  36    0.0 2.1e-01   0.982       1.04 3.4668e-07  46.852       -211  -46.852   0.681  0.0249   38.0     1.00      1692  0.950
  37    0.0 2.0e-01   0.942       1.03 3.2833e-07  45.773       -214  -45.773   0.745  0.0628   38.0     1.00      1739  0.950
  38    0.0 1.9e-01   0.963       1.05 3.4807e-07  46.092       -214  -46.092   0.574  0.0664   38.0     1.00      1786  0.950
  39    0.0 1.8e-01   1.123       1.02 3.3271e-07  45.105       -203  -45.105   0.617  0.0729   38.0     1.00      1833  0.950
  40    0.0 1.7e-01   0.935       1.01 3.1228e-07  47.262       -210  -47.262   0.723  0.0531   38.0     1.00      1880  0.950
  41    0.0 1.6e-01   1.098       1.03 3.5078e-07  42.249       -200  -42.249   0.638  0.0630   38.0     1.00      1927  0.950
  42    0.0 1.5e-01   0.995       1.05 3.52e-07    43.182       -207  -43.182   0.532  0.0486   38.0     1.00      1974  0.950
  43    0.0 1.4e-01   1.003       1.02 3.1964e-07  44.359       -205  -44.359   0.766  0.0570   38.0     1.00      2021  0.950
  44    0.0 1.4e-01   1.013       1.00 3.5043e-07  44.478       -209  -44.478   0.723  0.0538   38.0     1.00      2068  0.950
  45    0.0 1.3e-01   0.940       0.99 3.4353e-07  46.793       -212  -46.793   0.787  0.0517   38.0     1.00      2115  0.950
  46    0.0 1.2e-01   1.014       0.97 3.2052e-07  40.633       -194  -40.633   0.596  0.0545   38.0     1.00      2162  0.950
  47    0.0 1.2e-01   1.072       0.98 3.2013e-07  44.137       -204  -44.137   0.532  0.0427   38.0     1.00      2209  0.950
  48    0.0 1.1e-01   1.097       1.03 3.3177e-07  41.326       -199  -41.326   0.681  0.0437   38.0     1.00      2256  0.950
  49    0.0 1.1e-01   0.961       1.03 2.9426e-07  45.043       -201  -45.043   0.660  0.0604   38.0     1.00      2303  0.950
  50    0.0 1.0e-01   1.021       0.97 3.5249e-07  43.272       -205  -43.272   0.638  0.0422   38.0     1.00      2350  0.950
  51    0.0 9.6e-02   1.014       0.94 3.2127e-07  42.144       -199  -42.144   0.468  0.0635   38.0     1.00      2397  0.950
  52    0.0 9.1e-02   0.921       0.99 3.1154e-07  47.298       -216  -47.298   0.681  0.0671   38.0     1.00      2444  0.950
  53    0.0 8.7e-02   0.898       0.96 2.8918e-07  43.820       -204  -43.820   0.596  0.0450   38.0     1.00      2491  0.950
  54    0.0 8.2e-02   1.041       1.04 2.9474e-07  46.646       -213  -46.646   0.511  0.0874   38.0     1.00      2538  0.950
  55    0.0 7.8e-02   0.950       1.00 2.8607e-07  49.025       -207  -49.025   0.511  0.0719   38.0     1.00      2585  0.950
  56    0.0 7.4e-02   0.977       0.99 3.0585e-07  43.654       -205  -43.654   0.596  0.0616   38.0     1.00      2632  0.950
  57    0.0 7.0e-02   1.041       1.02 3.1673e-07  42.892       -200  -42.892   0.468  0.0590   38.0     1.00      2679  0.950
  58    0.0 6.7e-02   0.925       1.01 2.8449e-07  48.656       -213  -48.656   0.617  0.0488   38.0     1.00      2726  0.950
  59    0.0 6.4e-02   0.961       0.92 3.3214e-07  40.865       -198  -40.865   0.511  0.0652   38.0     1.00      2773  0.950
  60    0.0 6.0e-02   0.964       0.89 2.8409e-07  40.299       -198  -40.299   0.362  0.0450   38.0     1.00      2820  0.950
  61    0.0 5.7e-02   0.972       0.93 3.0344e-07  40.127       -199  -40.127   0.404  0.0264   35.0     1.56      2867  0.950
  62    0.0 5.5e-02   0.975       0.97 2.6107e-07  44.808       -207  -44.808   0.596  0.0685   33.8     1.80      2914  0.950
  63    0.0 5.2e-02   0.973       0.98 2.9354e-07  43.303       -205  -43.303   0.362  0.0473   38.0     1.00      2961  0.950
  64    0.0 4.9e-02   1.071       0.98 3.0752e-07  41.172       -201  -41.172   0.426  0.0622   35.0     1.56      3008  0.950
  65    0.0 4.7e-02   0.916       0.95 2.3906e-07  47.560       -216  -47.560   0.383  0.0379   34.5     1.66      3055  0.950
  66    0.0 4.4e-02   1.047       0.93 2.4647e-07  42.741       -204  -42.741   0.255  0.0528   32.5     2.03      3102  0.950
  67    0.0 4.2e-02   1.019       1.01 2.6183e-07  44.492       -207  -44.492   0.532  0.0911   26.5     3.17      3149  0.950
  68    0.0 4.0e-02   1.121       0.91 2.9817e-07  40.761       -199  -40.761   0.340  0.0393   29.0     2.71      3196  0.950
  69    0.0 3.8e-02   1.013       0.96 2.8118e-07  40.704       -201  -40.704   0.532  0.0594   26.1     3.25      3243  0.950
  70    0.0 3.6e-02   0.905       0.87 2.6504e-07  42.261       -203  -42.261   0.277  0.0621   28.5     2.80      3290  0.950
  71    0.0 3.4e-02   0.999       0.88 2.4389e-07  39.929       -191  -39.929   0.511  0.0280   23.8     3.68      3337  0.950
  72    0.0 3.3e-02   1.035       0.97 1.9505e-07  45.884       -206  -45.884   0.383  0.0449   25.5     3.36      3384  0.950
  73    0.0 3.1e-02   1.000       0.87 2.2132e-07  42.084       -197  -42.084   0.149  0.0359   24.1     3.64      3431  0.950
  74    0.0 2.9e-02   1.056       0.97 2.2889e-07  40.614       -196  -40.614   0.489  0.0366   17.1     4.96      3478  0.950
  75    0.0 2.8e-02   0.906       0.87 1.8821e-07  42.326       -202  -42.326   0.426  0.0380   17.9     4.80      3525  0.950
  76    0.0 2.7e-02   1.008       0.86 2.3362e-07  40.429       -197  -40.429   0.234  0.0267   17.6     4.85      3572  0.950
  77    0.0 2.5e-02   1.046       0.86 2.6896e-07  40.288       -199  -40.288   0.404  0.0343   14.0     5.54      3619  0.950
  78    0.0 2.4e-02   0.996       0.89 2.0033e-07  43.055       -201  -43.055   0.447  0.0262   13.5     5.63      3666  0.950
  79    0.0 2.3e-02   1.006       0.95 2.3528e-07  41.730       -201  -41.730   0.277  0.0174   13.6     5.62      3713  0.950
  80    0.0 2.2e-02   0.939       0.93 1.4693e-07  43.896       -201  -43.896   0.426  0.0508   11.4     6.04      3760  0.950
  81    0.0 2.1e-02   0.939       0.86 1.8106e-07  42.117       -199  -42.117   0.383  0.0397   11.2     6.07      3807  0.950
  82    0.0 2.0e-02   0.986       0.83 1.5802e-07  42.867       -200  -42.867   0.298  0.0111   10.6     6.19      3854  0.950
  83    0.0 1.9e-02   1.083       0.87 1.9617e-07  41.927       -198  -41.927   0.511  0.0275    9.1     6.47      3901  0.950
  84    0.0 1.8e-02   0.946       0.88 2.1011e-07  41.239       -200  -41.239   0.447  0.0282    9.7     6.35      3948  0.950
  85    0.0 1.7e-02   1.007       0.84 1.6252e-07  42.091       -195  -42.091   0.383  0.0275    9.8     6.34      3995  0.950
  86    0.0 1.6e-02   0.973       0.86 1.8012e-07  42.502       -201  -42.502   0.298  0.0345    9.2     6.44      4042  0.950
  87    0.0 1.5e-02   0.983       0.81 1.7661e-07  40.227       -193  -40.227   0.234  0.0113    7.9     6.69      4089  0.950
  88    0.0 1.4e-02   0.982       0.81 1.387e-07   42.502       -198  -42.502   0.362  0.0191    6.3     7.00      4136  0.950
  89    0.0 1.4e-02   1.036       0.80 1.6985e-07  39.759       -190  -39.759   0.574  0.0269    5.8     7.09      4183  0.950
  90    0.0 1.3e-02   0.947       0.80 1.4204e-07  42.429       -197  -42.429   0.277  0.0394    6.6     6.95      4230  0.950
  91    0.0 1.2e-02   0.977       0.80 1.4056e-07  40.439       -192  -40.439   0.255  0.0117    5.5     7.15      4277  0.950
  92    0.0 1.2e-02   1.035       0.81 1.6592e-07  39.955       -192  -39.955   0.383  0.0190    4.5     7.34      4324  0.950
  93    0.0 1.1e-02   1.016       0.78 1.7905e-07  39.784       -192  -39.784   0.383  0.0077    4.2     7.39      4371  0.950
  94    0.0 1.1e-02   1.022       0.79 1.8987e-07  39.326       -191  -39.326   0.426  0.0110    4.0     7.44      4418  0.950
  95    0.0 1.0e-02   1.036       0.82 1.6817e-07  40.399       -193  -40.399   0.468  0.0162    3.9     7.45      4465  0.950
  96    0.0 9.5e-03   0.988       0.84 1.6665e-07  40.966       -197  -40.966   0.447  0.0207    4.0     7.43      4512  0.950
  97    0.0 9.1e-03   1.007       0.83 1.5437e-07  41.365       -195  -41.365   0.468  0.0135    4.1     7.42      4559  0.950
  98    0.0 8.6e-03   0.982       0.80 1.808e-07   40.966       -199  -40.966   0.319  0.0335    4.2     7.40      4606  0.950
  99    0.0 8.2e-03   1.002       0.78 1.5385e-07  40.356       -192  -40.356   0.383  0.0154    3.7     7.49      4653  0.950
 100    0.0 7.8e-03   1.006       0.78 1.7508e-07  39.573       -192  -39.573   0.255  0.0077    3.5     7.53      4700  0.950
 101    0.0 7.4e-03   0.993       0.78 1.6296e-07  39.630       -191  -39.630   0.447  0.0140    2.8     7.65      4747  0.950
 102    0.0 7.0e-03   0.993       0.80 1.9206e-07  39.317       -194  -39.317   0.511  0.0177    2.8     7.65      4794  0.950
 103    0.0 6.7e-03   1.015       0.81 1.7696e-07  39.406       -193  -39.406   0.362  0.0108    3.0     7.61      4841  0.950
 104    0.0 6.3e-03   0.995       0.84 1.5084e-07  40.867       -196  -40.867   0.468  0.0060    2.8     7.66      4888  0.950
 105    0.0 6.0e-03   0.967       0.81 1.3541e-07  41.733       -196  -41.733   0.319  0.0136    2.9     7.64      4935  0.950
 106    0.0 5.7e-03   0.979       0.80 1.6397e-07  39.943       -193  -39.943   0.213  0.0076    2.5     7.71      4982  0.950
 107    0.0 5.4e-03   0.998       0.80 1.4675e-07  40.968       -195  -40.968   0.277  0.0078    2.0     7.82      5029  0.950
 108    0.0 5.2e-03   0.989       0.79 1.358e-07   40.945       -193  -40.945   0.170  0.0078    1.6     7.88      5076  0.950
 109    0.0 4.9e-03   0.995       0.79 1.3502e-07  40.698       -192  -40.698   0.234  0.0074    1.2     7.96      5123  0.950
 110    0.0 4.6e-03   0.995       0.79 1.5196e-07  39.671       -191  -39.671   0.191  0.0017    1.0     8.00      5170  0.950
 111    0.0 4.4e-03   1.005       0.79 1.5526e-07  39.671       -191  -39.671   0.128  0.0044    1.0     8.00      5217  0.950
 112    0.0 3.5e-03   1.005       0.79 1.5534e-07  39.671       -191  -39.671   0.170  0.0042    1.0     8.00      5264  0.800
 113    0.0 3.4e-03   0.991       0.79 1.6936e-07  39.463       -192  -39.463   0.085  0.0059    1.0     8.00      5311  0.950
 114    0.0 2.7e-03   1.005       0.79 1.5321e-07  39.671       -190  -39.671   0.128  0.0027    1.0     8.00      5358  0.800
 115    0.0 2.1e-03   0.996       0.79 1.6413e-07  39.671       -193  -39.671   0.191  0.0023    1.0     8.00      5405  0.800
 116    0.0 2.0e-03   1.001       0.79 1.6291e-07  39.671       -192  -39.671   0.106  0.0013    1.0     8.00      5452  0.950
 117    0.0 1.6e-03   1.001       0.79 1.6029e-07  39.671       -192  -39.671   0.170  0.0008    1.0     8.00      5499  0.800
 118    0.0 1.6e-03   0.998       0.79 1.6272e-07  39.671       -192  -39.671   0.064  0.0011    1.0     8.00      5546  0.950
 119    0.0 1.2e-03   0.995       0.79 1.6148e-07  39.671       -193  -39.671   0.064  0.0024    1.0     8.00      5593  0.800
 120    0.0 9.9e-04   1.000       0.79 1.5335e-07  39.671       -191  -39.671   0.064  0.0019    1.0     8.00      5640  0.800
 121    0.0 7.9e-04   1.000       0.79 1.5014e-07  39.671       -190  -39.671   0.064  0.0005    1.0     8.00      5687  0.800
 122    0.0 6.4e-04   1.000       0.79 1.5337e-07  39.671       -191  -39.671   0.000  0.0000    1.0     8.00      5734  0.800
 123    0.0 5.1e-04   0.997       0.79 1.5278e-07  39.671       -191  -39.671   0.064  0.0020    1.0     8.00      5781  0.800
 124    0.0 0.0e+00   0.999       0.78 1.5081e-07  39.671       -190  -39.671   0.021  0.0000    1.0     8.00      5828  0.800
## Placement Quench took 0.00 seconds (max_rss 446.1 MiB)

BB estimate of min-dist (placement) wire length: 519

Completed placement consistency check successfully.

Swaps called: 5846

Aborted Move Reasons:
  No moves aborted

Placement estimated critical path delay (least slack): 39.6714 ns, Fmax: 25.2071 MHz
Placement estimated setup Worst Negative Slack (sWNS): -39.6714 ns
Placement estimated setup Total Negative Slack (sTNS): -190.83 ns

Placement estimated setup slack histogram:
[   -4e-08: -3.9e-08) 3 ( 60.0%) |*************************************************
[ -3.9e-08: -3.9e-08) 0 (  0.0%) |
[ -3.9e-08: -3.8e-08) 0 (  0.0%) |
[ -3.8e-08: -3.8e-08) 1 ( 20.0%) |****************
[ -3.8e-08: -3.7e-08) 0 (  0.0%) |
[ -3.7e-08: -3.7e-08) 0 (  0.0%) |
[ -3.7e-08: -3.6e-08) 0 (  0.0%) |
[ -3.6e-08: -3.6e-08) 0 (  0.0%) |
[ -3.6e-08: -3.5e-08) 0 (  0.0%) |
[ -3.5e-08: -3.5e-08) 1 ( 20.0%) |****************

Placement estimated geomean non-virtual intra-domain period: nan ns (nan MHz)
Placement estimated fanout-weighted geomean non-virtual intra-domain period: nan ns (nan MHz)

Placement cost: 0.998787, bb_cost: 0.784875, td_cost: 1.52541e-07, 

Placement resource usage:
  PB-LOGIC   implemented as TL-LOGIC  : 5
  PB-SYN_VCC implemented as TL-SYN_VCC: 1
  PB-BIDIR   implemented as TL-BIDIR  : 11
  PB-SYN_GND implemented as TL-SYN_GND: 1

Placement number of temperatures: 124
Placement total # of swap attempts: 5846
	Swaps accepted: 2762 (47.2 %)
	Swaps rejected: 1458 (24.9 %)
	Swaps aborted : 1626 (27.8 %)
Placement Quench timing analysis took 2.6731e-05 seconds (2e-05 STA, 6.731e-06 slack) (1 full updates: 1 setup, 0 hold, 0 combined).
Placement Total  timing analysis took 0.00372981 seconds (0.00275974 STA, 0.000970074 slack) (126 full updates: 126 setup, 0 hold, 0 combined).
update_td_costs: connections 0 nets 0 sum_nets 0 total 0
Incr Slack updates 126 in 0.000254003 sec
Full Max Req/Worst Slack updates 73 in 8.7305e-05 sec
Incr Max Req/Worst Slack updates 53 in 5.1543e-05 sec
Incr Criticality updates 13 in 3.5077e-05 sec
Full Criticality updates 113 in 0.000314183 sec
# Placement took 1.33 seconds (max_rss 446.1 MiB, delta_rss +58.0 MiB)

Flow timing analysis took 0.00372981 seconds (0.00275974 STA, 0.000970074 slack) (126 full updates: 126 setup, 0 hold, 0 combined).
VPR succeeded
The entire flow of VPR took 47.30 seconds (max_rss 446.1 MiB)
