#Timing report of worst 5 path(s)
# Unit scale: 1e-09 seconds
# Output precision: 3

#Path 1
Startpoint: control(1).inpad[0] (.input clocked by virtual_io_clock)
Endpoint  : out:out(5).outpad[0] (.output clocked by virtual_io_clock)
Path Type : setup

Point                                                                         Incr      Path
--------------------------------------------------------------------------------------------
clock virtual_io_clock (rise edge)                                           0.000     0.000
clock source latency                                                         0.000     0.000
input external delay                                                         0.000     0.000
control(1).inpad[0] (.input)                                                 0.000     0.000
$iopadmap$ugvctrl.control_1.I_PAD_$inp[0] (BIDIR_CELL)                       0.000     0.000
$iopadmap$ugvctrl.control_1.I_DAT[0] (BIDIR_CELL)                           10.958    10.958
out_LUT4_O.c_frag.TA1[0] (C_FRAG)                                            0.000    10.958
out_LUT4_O.c_frag.CZ[0] (C_FRAG)                                             1.721    12.679
$iopadmap$ugvctrl.out_5.O_DAT[0] (BIDIR_CELL)                                0.000    12.679
$iopadmap$ugvctrl.out_5.O_PAD_$out[0] (BIDIR_CELL)                           9.809    22.488
out:out(5).outpad[0] (.output)                                               0.000    22.488
data arrival time                                                                     22.488

clock virtual_io_clock (rise edge)                                           0.000     0.000
clock source latency                                                         0.000     0.000
clock uncertainty                                                            0.000     0.000
output external delay                                                        0.000     0.000
data required time                                                                     0.000
--------------------------------------------------------------------------------------------
data required time                                                                     0.000
data arrival time                                                                    -22.488
--------------------------------------------------------------------------------------------
slack (VIOLATED)                                                                     -22.488


#Path 2
Startpoint: control(1).inpad[0] (.input clocked by virtual_io_clock)
Endpoint  : out:out(6).outpad[0] (.output clocked by virtual_io_clock)
Path Type : setup

Point                                                                         Incr      Path
--------------------------------------------------------------------------------------------
clock virtual_io_clock (rise edge)                                           0.000     0.000
clock source latency                                                         0.000     0.000
input external delay                                                         0.000     0.000
control(1).inpad[0] (.input)                                                 0.000     0.000
$iopadmap$ugvctrl.control_1.I_PAD_$inp[0] (BIDIR_CELL)                       0.000     0.000
$iopadmap$ugvctrl.control_1.I_DAT[0] (BIDIR_CELL)                           10.958    10.958
out_LUT4_O_1.c_frag.TA1[0] (C_FRAG)                                          0.000    10.958
out_LUT4_O_1.c_frag.CZ[0] (C_FRAG)                                           1.721    12.679
$iopadmap$ugvctrl.out_6.O_DAT[0] (BIDIR_CELL)                                0.000    12.679
$iopadmap$ugvctrl.out_6.O_PAD_$out[0] (BIDIR_CELL)                           9.809    22.488
out:out(6).outpad[0] (.output)                                               0.000    22.488
data arrival time                                                                     22.488

clock virtual_io_clock (rise edge)                                           0.000     0.000
clock source latency                                                         0.000     0.000
clock uncertainty                                                            0.000     0.000
output external delay                                                        0.000     0.000
data required time                                                                     0.000
--------------------------------------------------------------------------------------------
data required time                                                                     0.000
data arrival time                                                                    -22.488
--------------------------------------------------------------------------------------------
slack (VIOLATED)                                                                     -22.488


#Path 3
Startpoint: control(1).inpad[0] (.input clocked by virtual_io_clock)
Endpoint  : out:out(4).outpad[0] (.output clocked by virtual_io_clock)
Path Type : setup

Point                                                                         Incr      Path
--------------------------------------------------------------------------------------------
clock virtual_io_clock (rise edge)                                           0.000     0.000
clock source latency                                                         0.000     0.000
input external delay                                                         0.000     0.000
control(1).inpad[0] (.input)                                                 0.000     0.000
$iopadmap$ugvctrl.control_1.I_PAD_$inp[0] (BIDIR_CELL)                       0.000     0.000
$iopadmap$ugvctrl.control_1.I_DAT[0] (BIDIR_CELL)                           10.958    10.958
out_LUT4_O_2.c_frag.TA1[0] (C_FRAG)                                          0.000    10.958
out_LUT4_O_2.c_frag.CZ[0] (C_FRAG)                                           1.721    12.679
$iopadmap$ugvctrl.out_4.O_DAT[0] (BIDIR_CELL)                                0.000    12.679
$iopadmap$ugvctrl.out_4.O_PAD_$out[0] (BIDIR_CELL)                           9.809    22.488
out:out(4).outpad[0] (.output)                                               0.000    22.488
data arrival time                                                                     22.488

clock virtual_io_clock (rise edge)                                           0.000     0.000
clock source latency                                                         0.000     0.000
clock uncertainty                                                            0.000     0.000
output external delay                                                        0.000     0.000
data required time                                                                     0.000
--------------------------------------------------------------------------------------------
data required time                                                                     0.000
data arrival time                                                                    -22.488
--------------------------------------------------------------------------------------------
slack (VIOLATED)                                                                     -22.488


#Path 4
Startpoint: control(1).inpad[0] (.input clocked by virtual_io_clock)
Endpoint  : out:out(3).outpad[0] (.output clocked by virtual_io_clock)
Path Type : setup

Point                                                                         Incr      Path
--------------------------------------------------------------------------------------------
clock virtual_io_clock (rise edge)                                           0.000     0.000
clock source latency                                                         0.000     0.000
input external delay                                                         0.000     0.000
control(1).inpad[0] (.input)                                                 0.000     0.000
$iopadmap$ugvctrl.control_1.I_PAD_$inp[0] (BIDIR_CELL)                       0.000     0.000
$iopadmap$ugvctrl.control_1.I_DAT[0] (BIDIR_CELL)                           10.958    10.958
out_LUT4_O_3.c_frag.TA1[0] (C_FRAG)                                          0.000    10.958
out_LUT4_O_3.c_frag.CZ[0] (C_FRAG)                                           1.721    12.679
$iopadmap$ugvctrl.out_3.O_DAT[0] (BIDIR_CELL)                                0.000    12.679
$iopadmap$ugvctrl.out_3.O_PAD_$out[0] (BIDIR_CELL)                           9.809    22.488
out:out(3).outpad[0] (.output)                                               0.000    22.488
data arrival time                                                                     22.488

clock virtual_io_clock (rise edge)                                           0.000     0.000
clock source latency                                                         0.000     0.000
clock uncertainty                                                            0.000     0.000
output external delay                                                        0.000     0.000
data required time                                                                     0.000
--------------------------------------------------------------------------------------------
data required time                                                                     0.000
data arrival time                                                                    -22.488
--------------------------------------------------------------------------------------------
slack (VIOLATED)                                                                     -22.488


#Path 5
Startpoint: control(3).inpad[0] (.input clocked by virtual_io_clock)
Endpoint  : out:out(2).outpad[0] (.output clocked by virtual_io_clock)
Path Type : setup

Point                                                                         Incr      Path
--------------------------------------------------------------------------------------------
clock virtual_io_clock (rise edge)                                           0.000     0.000
clock source latency                                                         0.000     0.000
input external delay                                                         0.000     0.000
control(3).inpad[0] (.input)                                                 0.000     0.000
$iopadmap$ugvctrl.control_3.I_PAD_$inp[0] (BIDIR_CELL)                       0.000     0.000
$iopadmap$ugvctrl.control_3.I_DAT[0] (BIDIR_CELL)                           10.958    10.958
out_LUT4_O_4.c_frag.TA1[0] (C_FRAG)                                          0.000    10.958
out_LUT4_O_4.c_frag.CZ[0] (C_FRAG)                                           1.721    12.679
$iopadmap$ugvctrl.out_2.O_DAT[0] (BIDIR_CELL)                                0.000    12.679
$iopadmap$ugvctrl.out_2.O_PAD_$out[0] (BIDIR_CELL)                           9.809    22.488
out:out(2).outpad[0] (.output)                                               0.000    22.488
data arrival time                                                                     22.488

clock virtual_io_clock (rise edge)                                           0.000     0.000
clock source latency                                                         0.000     0.000
clock uncertainty                                                            0.000     0.000
output external delay                                                        0.000     0.000
data required time                                                                     0.000
--------------------------------------------------------------------------------------------
data required time                                                                     0.000
data arrival time                                                                    -22.488
--------------------------------------------------------------------------------------------
slack (VIOLATED)                                                                     -22.488


#End of timing report
