#Timing report of worst 5 path(s)
# Unit scale: 1e-09 seconds
# Output precision: 3

#Path 1
Startpoint: control(0).inpad[0] (.input clocked by virtual_io_clock)
Endpoint  : out:out(3).outpad[0] (.output clocked by virtual_io_clock)
Path Type : setup

Point                                                                       Incr      Path
------------------------------------------------------------------------------------------
clock virtual_io_clock (rise edge)                                         0.000     0.000
clock source latency                                                       0.000     0.000
input external delay                                                       0.000     0.000
control(0).inpad[0] (.input)                                               0.000     0.000
$iopadmap$ugvctrl.control.I_PAD_$inp[0] (BIDIR_CELL)                       0.000     0.000
$iopadmap$ugvctrl.control.I_DAT[0] (BIDIR_CELL)                           10.958    10.958
out_LUT4_O_3.c_frag.TBS[0] (C_FRAG)                                        6.095    17.053
out_LUT4_O_3.c_frag.CZ[0] (C_FRAG)                                         0.996    18.049
$iopadmap$ugvctrl.out_3.O_DAT[0] (BIDIR_CELL)                             12.663    30.711
$iopadmap$ugvctrl.out_3.O_PAD_$out[0] (BIDIR_CELL)                         9.809    40.520
out:out(3).outpad[0] (.output)                                             0.000    40.520
data arrival time                                                                   40.520

clock virtual_io_clock (rise edge)                                         0.000     0.000
clock source latency                                                       0.000     0.000
clock uncertainty                                                          0.000     0.000
output external delay                                                      0.000     0.000
data required time                                                                   0.000
------------------------------------------------------------------------------------------
data required time                                                                   0.000
data arrival time                                                                  -40.520
------------------------------------------------------------------------------------------
slack (VIOLATED)                                                                   -40.520


#Path 2
Startpoint: control(3).inpad[0] (.input clocked by virtual_io_clock)
Endpoint  : out:out(4).outpad[0] (.output clocked by virtual_io_clock)
Path Type : setup

Point                                                                         Incr      Path
--------------------------------------------------------------------------------------------
clock virtual_io_clock (rise edge)                                           0.000     0.000
clock source latency                                                         0.000     0.000
input external delay                                                         0.000     0.000
control(3).inpad[0] (.input)                                                 0.000     0.000
$iopadmap$ugvctrl.control_3.I_PAD_$inp[0] (BIDIR_CELL)                       0.000     0.000
$iopadmap$ugvctrl.control_3.I_DAT[0] (BIDIR_CELL)                           10.958    10.958
out_LUT4_O_2.c_frag.TSL[0] (C_FRAG)                                          4.768    15.726
out_LUT4_O_2.c_frag.CZ[0] (C_FRAG)                                           1.593    17.319
$iopadmap$ugvctrl.out_4.O_DAT[0] (BIDIR_CELL)                               13.291    30.610
$iopadmap$ugvctrl.out_4.O_PAD_$out[0] (BIDIR_CELL)                           9.809    40.419
out:out(4).outpad[0] (.output)                                               0.000    40.419
data arrival time                                                                     40.419

clock virtual_io_clock (rise edge)                                           0.000     0.000
clock source latency                                                         0.000     0.000
clock uncertainty                                                            0.000     0.000
output external delay                                                        0.000     0.000
data required time                                                                     0.000
--------------------------------------------------------------------------------------------
data required time                                                                     0.000
data arrival time                                                                    -40.419
--------------------------------------------------------------------------------------------
slack (VIOLATED)                                                                     -40.419


#Path 3
Startpoint: control(0).inpad[0] (.input clocked by virtual_io_clock)
Endpoint  : out:out(6).outpad[0] (.output clocked by virtual_io_clock)
Path Type : setup

Point                                                                       Incr      Path
------------------------------------------------------------------------------------------
clock virtual_io_clock (rise edge)                                         0.000     0.000
clock source latency                                                       0.000     0.000
input external delay                                                       0.000     0.000
control(0).inpad[0] (.input)                                               0.000     0.000
$iopadmap$ugvctrl.control.I_PAD_$inp[0] (BIDIR_CELL)                       0.000     0.000
$iopadmap$ugvctrl.control.I_DAT[0] (BIDIR_CELL)                           10.958    10.958
out_LUT4_O_1.c_frag.TSL[0] (C_FRAG)                                        4.720    15.678
out_LUT4_O_1.c_frag.CZ[0] (C_FRAG)                                         1.593    17.271
$iopadmap$ugvctrl.out_6.O_DAT[0] (BIDIR_CELL)                             12.885    30.156
$iopadmap$ugvctrl.out_6.O_PAD_$out[0] (BIDIR_CELL)                         9.809    39.965
out:out(6).outpad[0] (.output)                                             0.000    39.965
data arrival time                                                                   39.965

clock virtual_io_clock (rise edge)                                         0.000     0.000
clock source latency                                                       0.000     0.000
clock uncertainty                                                          0.000     0.000
output external delay                                                      0.000     0.000
data required time                                                                   0.000
------------------------------------------------------------------------------------------
data required time                                                                   0.000
data arrival time                                                                  -39.965
------------------------------------------------------------------------------------------
slack (VIOLATED)                                                                   -39.965


#Path 4
Startpoint: control(0).inpad[0] (.input clocked by virtual_io_clock)
Endpoint  : out:out(5).outpad[0] (.output clocked by virtual_io_clock)
Path Type : setup

Point                                                                       Incr      Path
------------------------------------------------------------------------------------------
clock virtual_io_clock (rise edge)                                         0.000     0.000
clock source latency                                                       0.000     0.000
input external delay                                                       0.000     0.000
control(0).inpad[0] (.input)                                               0.000     0.000
$iopadmap$ugvctrl.control.I_PAD_$inp[0] (BIDIR_CELL)                       0.000     0.000
$iopadmap$ugvctrl.control.I_DAT[0] (BIDIR_CELL)                           10.958    10.958
out_LUT4_O.c_frag.TSL[0] (C_FRAG)                                          6.321    17.279
out_LUT4_O.c_frag.CZ[0] (C_FRAG)                                           1.593    18.872
$iopadmap$ugvctrl.out_5.O_DAT[0] (BIDIR_CELL)                             11.019    29.891
$iopadmap$ugvctrl.out_5.O_PAD_$out[0] (BIDIR_CELL)                         9.809    39.700
out:out(5).outpad[0] (.output)                                             0.000    39.700
data arrival time                                                                   39.700

clock virtual_io_clock (rise edge)                                         0.000     0.000
clock source latency                                                       0.000     0.000
clock uncertainty                                                          0.000     0.000
output external delay                                                      0.000     0.000
data required time                                                                   0.000
------------------------------------------------------------------------------------------
data required time                                                                   0.000
data arrival time                                                                  -39.700
------------------------------------------------------------------------------------------
slack (VIOLATED)                                                                   -39.700


#Path 5
Startpoint: control(3).inpad[0] (.input clocked by virtual_io_clock)
Endpoint  : out:out(2).outpad[0] (.output clocked by virtual_io_clock)
Path Type : setup

Point                                                                         Incr      Path
--------------------------------------------------------------------------------------------
clock virtual_io_clock (rise edge)                                           0.000     0.000
clock source latency                                                         0.000     0.000
input external delay                                                         0.000     0.000
control(3).inpad[0] (.input)                                                 0.000     0.000
$iopadmap$ugvctrl.control_3.I_PAD_$inp[0] (BIDIR_CELL)                       0.000     0.000
$iopadmap$ugvctrl.control_3.I_DAT[0] (BIDIR_CELL)                           10.958    10.958
out_LUT4_O_4.c_frag.TA1[0] (C_FRAG)                                          5.544    16.502
out_LUT4_O_4.c_frag.CZ[0] (C_FRAG)                                           1.721    18.223
$iopadmap$ugvctrl.out_2.O_DAT[0] (BIDIR_CELL)                                6.350    24.573
$iopadmap$ugvctrl.out_2.O_PAD_$out[0] (BIDIR_CELL)                           9.809    34.382
out:out(2).outpad[0] (.output)                                               0.000    34.382
data arrival time                                                                     34.382

clock virtual_io_clock (rise edge)                                           0.000     0.000
clock source latency                                                         0.000     0.000
clock uncertainty                                                            0.000     0.000
output external delay                                                        0.000     0.000
data required time                                                                     0.000
--------------------------------------------------------------------------------------------
data required time                                                                     0.000
data arrival time                                                                    -34.382
--------------------------------------------------------------------------------------------
slack (VIOLATED)                                                                     -34.382


#End of timing report
