#Packing pin usage report
Type: PB-GMUX
	Input Pin Usage:
		Max: 2.00 (0.67)
		Avg: 2.00 (0.67)
		Min: 2.00 (0.67)
		Histogram:
		[        0:      0.3) 0 (  0.0%) |
		[      0.3:      0.6) 0 (  0.0%) |
		[      0.6:      0.9) 0 (  0.0%) |
		[      0.9:      1.2) 0 (  0.0%) |
		[      1.2:      1.5) 0 (  0.0%) |
		[      1.5:      1.8) 0 (  0.0%) |
		[      1.8:      2.1) 1 (100.0%) |**************************************************
		[      2.1:      2.4) 0 (  0.0%) |
		[      2.4:      2.7) 0 (  0.0%) |
		[      2.7:        3) 0 (  0.0%) |
	Output Pin Usage:
		Max: 1.00 (1.00)
		Avg: 1.00 (1.00)
		Min: 1.00 (1.00)
		Histogram:
		[        0:      0.1) 0 (  0.0%) |
		[      0.1:      0.2) 0 (  0.0%) |
		[      0.2:      0.3) 0 (  0.0%) |
		[      0.3:      0.4) 0 (  0.0%) |
		[      0.4:      0.5) 0 (  0.0%) |
		[      0.5:      0.6) 0 (  0.0%) |
		[      0.6:      0.7) 0 (  0.0%) |
		[      0.7:      0.8) 0 (  0.0%) |
		[      0.8:      0.9) 0 (  0.0%) |
		[      0.9:        1) 1 (100.0%) |**************************************************

Type: PB-LOGIC
	Input Pin Usage:
		Max: 19.00 (0.83)
		Avg: 16.82 (0.73)
		Min: 13.00 (0.57)
		Histogram:
		[        0:      2.3) 0 (  0.0%) |
		[      2.3:      4.6) 0 (  0.0%) |
		[      4.6:      6.9) 0 (  0.0%) |
		[      6.9:      9.2) 0 (  0.0%) |
		[      9.2:       12) 0 (  0.0%) |
		[       12:       14) 4 ( 36.4%) |****************************
		[       14:       16) 0 (  0.0%) |
		[       16:       18) 0 (  0.0%) |
		[       18:       21) 7 ( 63.6%) |*************************************************
		[       21:       23) 0 (  0.0%) |
	Output Pin Usage:
		Max: 2.00 (0.50)
		Avg: 1.55 (0.39)
		Min: 1.00 (0.25)
		Histogram:
		[        0:      0.4) 0 (  0.0%) |
		[      0.4:      0.8) 0 (  0.0%) |
		[      0.8:      1.2) 5 ( 45.5%) |*****************************************
		[      1.2:      1.6) 0 (  0.0%) |
		[      1.6:        2) 6 ( 54.5%) |*************************************************
		[        2:      2.4) 0 (  0.0%) |
		[      2.4:      2.8) 0 (  0.0%) |
		[      2.8:      3.2) 0 (  0.0%) |
		[      3.2:      3.6) 0 (  0.0%) |
		[      3.6:        4) 0 (  0.0%) |

Type: PB-CLOCK
	Input Pin Usage:
		Max: 0.00 (-nan)
		Avg: 0.00 (-nan)
		Min: 0.00 (-nan)
	Output Pin Usage:
		Max: 1.00 (1.00)
		Avg: 1.00 (1.00)
		Min: 1.00 (1.00)
		Histogram:
		[        0:      0.1) 0 (  0.0%) |
		[      0.1:      0.2) 0 (  0.0%) |
		[      0.2:      0.3) 0 (  0.0%) |
		[      0.3:      0.4) 0 (  0.0%) |
		[      0.4:      0.5) 0 (  0.0%) |
		[      0.5:      0.6) 0 (  0.0%) |
		[      0.6:      0.7) 0 (  0.0%) |
		[      0.7:      0.8) 0 (  0.0%) |
		[      0.8:      0.9) 0 (  0.0%) |
		[      0.9:        1) 1 (100.0%) |**************************************************

Type: PB-SYN_VCC
	Input Pin Usage:
		Max: 0.00 (-nan)
		Avg: 0.00 (-nan)
		Min: 0.00 (-nan)
	Output Pin Usage:
		Max: 1.00 (1.00)
		Avg: 1.00 (1.00)
		Min: 1.00 (1.00)
		Histogram:
		[        0:      0.1) 0 (  0.0%) |
		[      0.1:      0.2) 0 (  0.0%) |
		[      0.2:      0.3) 0 (  0.0%) |
		[      0.3:      0.4) 0 (  0.0%) |
		[      0.4:      0.5) 0 (  0.0%) |
		[      0.5:      0.6) 0 (  0.0%) |
		[      0.6:      0.7) 0 (  0.0%) |
		[      0.7:      0.8) 0 (  0.0%) |
		[      0.8:      0.9) 0 (  0.0%) |
		[      0.9:        1) 1 (100.0%) |**************************************************

Type: PB-BIDIR
	Input Pin Usage:
		Max: 3.00 (0.38)
		Avg: 2.62 (0.33)
		Min: 2.00 (0.25)
		Histogram:
		[        0:      0.8) 0 (  0.0%) |
		[      0.8:      1.6) 0 (  0.0%) |
		[      1.6:      2.4) 3 ( 37.5%) |*****************************
		[      2.4:      3.2) 5 ( 62.5%) |*************************************************
		[      3.2:        4) 0 (  0.0%) |
		[        4:      4.8) 0 (  0.0%) |
		[      4.8:      5.6) 0 (  0.0%) |
		[      5.6:      6.4) 0 (  0.0%) |
		[      6.4:      7.2) 0 (  0.0%) |
		[      7.2:        8) 0 (  0.0%) |
	Output Pin Usage:
		Max: 1.00 (0.50)
		Avg: 0.38 (0.19)
		Min: 0.00 (0.00)
		Histogram:
		[        0:      0.2) 5 ( 62.5%) |*************************************************
		[      0.2:      0.4) 0 (  0.0%) |
		[      0.4:      0.6) 0 (  0.0%) |
		[      0.6:      0.8) 0 (  0.0%) |
		[      0.8:        1) 3 ( 37.5%) |*****************************
		[        1:      1.2) 0 (  0.0%) |
		[      1.2:      1.4) 0 (  0.0%) |
		[      1.4:      1.6) 0 (  0.0%) |
		[      1.6:      1.8) 0 (  0.0%) |
		[      1.8:        2) 0 (  0.0%) |

Type: PB-SYN_GND
	Input Pin Usage:
		Max: 0.00 (-nan)
		Avg: 0.00 (-nan)
		Min: 0.00 (-nan)
	Output Pin Usage:
		Max: 1.00 (1.00)
		Avg: 1.00 (1.00)
		Min: 1.00 (1.00)
		Histogram:
		[        0:      0.1) 0 (  0.0%) |
		[      0.1:      0.2) 0 (  0.0%) |
		[      0.2:      0.3) 0 (  0.0%) |
		[      0.3:      0.4) 0 (  0.0%) |
		[      0.4:      0.5) 0 (  0.0%) |
		[      0.5:      0.6) 0 (  0.0%) |
		[      0.6:      0.7) 0 (  0.0%) |
		[      0.7:      0.8) 0 (  0.0%) |
		[      0.8:      0.9) 0 (  0.0%) |
		[      0.9:        1) 1 (100.0%) |**************************************************

